SF:lib/pages/location_form.dart
DA:8,2
DA:10,1
DA:11,1
DA:18,0
DA:19,0
DA:20,0
DA:24,0
DA:25,0
DA:28,0
DA:29,0
DA:35,0
DA:37,0
DA:39,0
DA:40,0
DA:41,0
DA:46,0
DA:49,1
DA:51,1
DA:52,1
DA:55,1
DA:57,1
DA:58,1
DA:59,1
DA:60,1
DA:62,1
DA:63,1
DA:66,2
DA:72,1
DA:75,1
DA:79,0
DA:80,0
DA:81,0
LF:32
LH:16
end_of_record
SF:lib/components/location_input.dart
DA:11,4
DA:13,2
DA:14,2
DA:20,0
DA:21,0
DA:26,0
DA:27,0
DA:31,0
DA:33,0
DA:35,0
DA:36,0
DA:37,0
DA:38,0
DA:45,0
DA:46,0
DA:47,0
DA:49,0
DA:55,0
DA:56,0
DA:59,2
DA:61,2
DA:62,2
DA:63,2
DA:67,2
DA:68,2
DA:73,2
DA:75,0
DA:77,0
DA:78,0
DA:84,2
DA:86,2
DA:87,2
DA:90,2
DA:92,2
DA:95,2
LF:35
LH:16
end_of_record
SF:lib/pages/map_screen.dart
DA:10,26
DA:17,0
DA:19,0
DA:20,0
DA:26,0
DA:27,0
DA:28,0
DA:32,0
DA:34,0
DA:35,0
DA:37,0
DA:38,0
DA:39,0
DA:41,0
DA:43,0
DA:44,0
DA:49,0
DA:50,0
DA:51,0
DA:52,0
DA:53,0
DA:57,0
DA:58,0
DA:61,0
DA:64,0
LF:25
LH:1
end_of_record
SF:lib/utils/location_util.dart
DA:8,0
DA:12,0
DA:15,0
DA:16,0
DA:17,0
DA:18,0
DA:20,0
DA:21,0
LF:8
LH:0
end_of_record
SF:lib/models/store.dart
DA:5,0
DA:6,0
DA:7,0
DA:10,0
DA:11,0
DA:14,1
DA:16,1
DA:17,0
DA:20,1
DA:22,1
DA:24,1
DA:28,0
DA:29,0
DA:30,0
LF:14
LH:5
end_of_record
SF:lib/models/transactions.dart
DA:8,28
DA:14,1
DA:15,3
DA:29,2
DA:40,1
DA:43,7
DA:44,1
LF:7
LH:7
end_of_record
SF:lib/models/categoria_model.dart
DA:6,2
DA:12,1
DA:14,3
LF:3
LH:3
end_of_record
SF:lib/Repository/account_repository.dart
DA:13,3
DA:15,0
DA:16,0
DA:18,0
DA:19,0
DA:20,0
DA:21,0
DA:23,0
DA:24,0
DA:25,0
DA:28,0
DA:29,0
DA:31,0
DA:33,0
DA:34,0
DA:35,0
DA:36,0
DA:38,0
DA:42,0
DA:45,0
DA:47,0
DA:48,0
DA:49,0
DA:51,0
DA:52,0
DA:53,0
DA:57,3
DA:58,6
DA:60,0
DA:62,0
DA:63,0
DA:65,0
DA:66,0
DA:68,0
DA:69,0
DA:70,0
DA:71,0
DA:72,0
DA:73,0
DA:78,0
DA:82,2
DA:83,2
DA:86,0
DA:87,0
DA:88,0
DA:89,0
DA:90,0
DA:91,0
DA:92,0
DA:93,0
DA:97,0
DA:100,3
DA:101,3
DA:104,0
DA:105,0
DA:106,0
DA:107,0
DA:108,0
DA:109,0
DA:110,0
DA:111,0
DA:114,0
DA:117,0
DA:119,0
DA:121,0
DA:124,0
DA:125,0
DA:126,0
DA:127,0
DA:128,0
DA:131,0
DA:132,0
DA:133,0
DA:134,0
LF:74
LH:7
end_of_record
SF:lib/models/account.dart
DA:6,1
DA:12,1
DA:14,3
LF:3
LH:3
end_of_record
SF:lib/utils/db_util.dart
DA:39,5
DA:40,15
DA:45,5
DA:48,5
DA:52,5
DA:53,5
DA:55,0
DA:57,0
DA:60,0
DA:64,0
DA:65,0
DA:66,0
DA:67,0
DA:68,0
DA:69,0
DA:72,0
DA:73,0
DA:76,0
LF:18
LH:6
end_of_record
SF:lib/Repository/categoria_repository.dart
DA:15,4
DA:19,0
DA:20,0
DA:22,0
DA:23,0
DA:24,0
DA:25,0
DA:27,0
DA:28,0
DA:29,0
DA:32,0
DA:33,0
DA:35,0
DA:38,0
DA:41,0
DA:42,0
DA:43,0
DA:44,0
DA:47,0
DA:48,0
DA:50,0
DA:51,0
DA:52,0
DA:53,0
DA:55,0
DA:59,0
DA:62,0
DA:63,0
DA:64,0
DA:65,0
DA:69,2
DA:70,4
DA:72,0
DA:73,0
DA:74,0
DA:76,0
DA:77,0
DA:79,0
DA:80,0
DA:81,0
DA:82,0
DA:83,0
DA:84,0
DA:88,0
DA:92,0
DA:114,1
DA:115,2
DA:117,0
DA:118,0
DA:119,0
DA:120,0
DA:121,0
DA:122,0
DA:123,0
DA:126,0
DA:127,0
DA:130,0
DA:131,0
DA:134,0
DA:135,0
DA:138,0
DA:139,0
DA:142,0
DA:143,0
DA:146,1
DA:148,1
DA:149,1
DA:150,1
DA:153,2
DA:154,1
DA:155,1
DA:157,1
DA:160,1
DA:161,1
DA:162,1
DA:163,1
DA:169,2
DA:170,2
DA:177,1
DA:179,1
DA:180,1
DA:181,1
DA:184,2
DA:185,1
DA:186,1
DA:188,1
DA:191,1
DA:192,1
DA:193,1
DA:194,1
DA:195,1
DA:201,2
DA:202,2
DA:206,1
DA:208,1
DA:209,1
DA:211,1
DA:212,1
DA:214,2
DA:215,1
DA:216,1
DA:219,1
DA:223,2
DA:224,0
DA:226,0
DA:230,2
DA:231,2
DA:235,1
DA:237,1
DA:238,1
DA:240,1
DA:241,1
DA:243,2
DA:244,1
DA:245,1
DA:248,1
DA:252,2
DA:253,0
DA:255,0
DA:259,2
DA:260,2
DA:264,0
DA:265,0
DA:267,0
DA:268,0
DA:269,0
DA:270,0
DA:274,0
DA:276,0
DA:280,0
DA:281,0
DA:282,0
DA:283,0
DA:284,0
DA:287,0
DA:288,0
DA:289,0
DA:290,0
DA:291,0
DA:292,0
DA:294,0
DA:298,0
DA:299,0
DA:300,0
DA:303,0
DA:306,0
DA:311,0
DA:312,0
DA:314,0
DA:315,0
DA:319,0
LF:151
LH:58
end_of_record
SF:lib/exceptions/http_exception.dart
DA:5,0
DA:10,0
DA:12,0
LF:3
LH:0
end_of_record
SF:lib/Repository/transaction_repository.dart
DA:12,6
DA:17,0
DA:18,0
DA:20,0
DA:21,0
DA:22,0
DA:23,0
DA:24,0
DA:25,0
DA:26,0
DA:27,0
DA:28,0
DA:29,0
DA:30,0
DA:32,0
DA:33,0
DA:34,0
DA:37,0
DA:38,0
DA:41,0
DA:43,0
DA:44,0
DA:46,0
DA:48,0
DA:50,0
DA:51,0
DA:52,0
DA:53,0
DA:54,0
DA:55,0
DA:56,0
DA:57,0
DA:58,0
DA:59,0
DA:60,0
DA:61,0
DA:62,0
DA:63,0
DA:69,0
DA:70,0
DA:74,2
DA:75,4
DA:77,0
DA:78,0
DA:79,0
DA:80,0
DA:81,0
DA:82,0
DA:83,0
DA:84,0
DA:85,0
DA:86,0
DA:87,0
DA:88,0
DA:89,0
DA:90,0
DA:91,0
DA:95,0
DA:97,0
DA:100,1
DA:102,2
DA:104,0
DA:105,0
DA:106,0
DA:107,0
DA:108,0
DA:109,0
DA:110,0
DA:111,0
DA:112,0
DA:113,0
DA:114,0
DA:115,0
DA:116,0
DA:117,0
DA:118,0
DA:122,0
DA:124,0
DA:125,0
DA:126,0
DA:127,0
DA:129,0
DA:130,0
DA:131,0
DA:132,0
DA:135,0
DA:136,0
DA:139,0
DA:140,0
DA:142,0
DA:145,0
DA:148,0
DA:149,0
DA:150,0
DA:151,0
DA:154,0
DA:155,0
DA:157,0
DA:158,0
DA:159,0
DA:160,0
DA:161,0
DA:162,0
DA:163,0
DA:164,0
DA:165,0
DA:166,0
DA:167,0
DA:169,0
DA:173,0
DA:177,0
DA:179,0
DA:180,0
DA:181,0
DA:185,0
DA:186,0
DA:189,1
DA:190,1
DA:193,0
DA:195,0
DA:196,0
DA:197,0
DA:198,0
DA:199,0
DA:200,0
DA:203,0
DA:204,0
DA:205,0
DA:207,0
DA:210,0
DA:211,0
DA:212,0
DA:213,0
DA:214,0
DA:215,0
DA:216,0
DA:217,0
DA:218,0
DA:219,0
DA:220,0
DA:226,0
DA:227,0
DA:228,0
DA:237,0
DA:238,0
DA:239,0
DA:240,0
DA:241,0
DA:243,0
DA:244,0
DA:245,0
DA:246,0
DA:247,0
DA:248,0
DA:249,0
DA:250,0
DA:251,0
DA:252,0
DA:253,0
DA:254,0
DA:259,0
DA:261,0
DA:262,0
DA:263,0
DA:267,0
DA:268,0
DA:269,0
DA:270,0
DA:273,0
DA:274,0
DA:275,0
DA:277,0
DA:280,0
DA:281,0
DA:282,0
DA:283,0
DA:284,0
DA:285,0
DA:286,0
DA:287,0
DA:288,0
DA:289,0
DA:290,0
DA:291,0
DA:297,0
DA:300,0
DA:301,0
DA:302,0
DA:305,0
DA:307,0
DA:308,0
DA:309,0
DA:312,0
DA:316,0
DA:317,0
DA:319,0
DA:324,0
DA:325,0
DA:326,0
DA:327,0
DA:328,0
DA:329,0
DA:330,0
DA:331,0
DA:332,0
DA:333,0
DA:334,0
DA:335,0
DA:336,0
DA:340,0
DA:341,0
DA:342,0
DA:343,0
DA:344,0
DA:345,0
DA:347,0
DA:351,3
DA:356,3
DA:357,0
DA:358,0
DA:359,0
DA:360,0
DA:362,0
DA:363,0
DA:364,0
DA:365,0
DA:368,3
DA:372,3
DA:377,3
DA:378,0
DA:379,0
DA:380,0
DA:381,0
DA:383,0
DA:384,0
DA:385,0
DA:386,0
DA:389,3
LF:238
LH:13
end_of_record
SF:lib/components/app_drawer.dart
DA:9,24
DA:11,1
DA:13,1
DA:14,1
DA:15,1
DA:16,1
DA:22,1
DA:25,0
DA:26,0
DA:30,1
DA:33,0
DA:34,0
DA:35,0
LF:13
LH:8
end_of_record
SF:lib/models/auth.dart
DA:19,3
DA:20,3
DA:21,3
DA:24,0
DA:25,0
DA:28,0
DA:29,0
DA:32,0
DA:33,0
DA:36,3
DA:37,3
DA:46,0
DA:48,0
DA:49,0
DA:50,0
DA:51,0
DA:54,0
DA:55,0
DA:62,0
DA:66,0
DA:67,0
DA:69,0
DA:70,0
DA:71,0
DA:72,0
DA:74,0
DA:75,0
DA:76,0
DA:80,0
DA:82,0
DA:83,0
DA:84,0
DA:85,0
DA:86,0
DA:87,0
DA:91,0
DA:92,0
DA:98,0
DA:99,0
DA:100,0
DA:101,0
DA:102,0
DA:103,0
DA:104,0
DA:106,0
DA:107,0
DA:108,0
DA:110,0
DA:113,0
DA:114,0
DA:122,0
DA:123,0
DA:124,0
DA:126,0
DA:127,0
DA:135,0
DA:139,0
DA:141,0
DA:142,0
DA:143,0
DA:144,0
DA:148,0
DA:149,0
DA:166,0
DA:167,0
DA:168,0
DA:171,0
DA:174,0
DA:175,0
DA:178,0
DA:180,0
DA:183,0
DA:184,0
DA:187,0
DA:188,0
DA:190,0
DA:192,0
DA:194,0
DA:195,0
DA:197,0
DA:198,0
DA:199,0
DA:200,0
DA:201,0
DA:203,0
DA:204,0
DA:207,0
DA:208,0
DA:209,0
DA:210,0
DA:211,0
DA:212,0
DA:213,0
DA:214,0
DA:215,0
DA:219,0
DA:220,0
DA:221,0
DA:224,0
DA:225,0
DA:226,0
DA:227,0
DA:228,0
DA:229,0
LF:104
LH:5
end_of_record
SF:lib/components/card_main_page_balanco.dart
DA:9,24
DA:12,0
DA:14,3
DA:16,9
DA:17,9
DA:18,3
DA:20,3
DA:22,3
DA:23,3
DA:25,3
DA:26,3
DA:27,3
DA:33,3
DA:34,3
DA:35,3
DA:37,3
DA:38,6
DA:44,3
DA:46,6
DA:47,9
DA:52,0
DA:53,0
DA:54,0
DA:56,0
DA:57,0
LF:25
LH:19
end_of_record
SF:lib/components/card_main_page_despesa.dart
DA:10,24
DA:13,0
DA:15,3
DA:17,9
DA:18,9
DA:19,3
DA:21,3
DA:23,3
DA:24,3
DA:26,3
DA:27,3
DA:28,3
DA:34,3
DA:35,3
DA:36,3
DA:38,3
DA:39,6
DA:45,3
DA:46,3
DA:47,3
DA:48,9
DA:53,0
DA:54,0
DA:56,0
DA:57,0
LF:25
LH:20
end_of_record
SF:lib/components/card_main_page_receita.dart
DA:8,24
DA:11,0
DA:13,3
DA:15,9
DA:16,9
DA:17,3
DA:19,3
DA:21,3
DA:22,3
DA:24,3
DA:25,3
DA:26,3
DA:32,3
DA:33,3
DA:34,3
DA:36,3
DA:37,6
DA:43,3
DA:44,3
DA:45,3
DA:46,9
DA:51,0
DA:52,0
DA:54,0
DA:55,0
LF:25
LH:20
end_of_record
SF:lib/components/welcome_saldo.dart
DA:7,23
DA:13,2
DA:15,2
DA:16,4
DA:17,2
DA:19,2
LF:6
LH:6
end_of_record
SF:lib/exceptions/auth_exception.dart
DA:15,0
DA:17,0
DA:19,0
LF:3
LH:0
end_of_record
SF:lib/pages/welcome_page.dart
DA:17,11
DA:19,2
DA:20,2
DA:24,2
DA:26,6
DA:27,2
DA:30,2
DA:32,4
DA:34,6
DA:35,2
DA:36,2
DA:38,10
DA:39,2
DA:40,2
DA:57,2
DA:60,2
DA:61,2
DA:62,2
DA:76,2
DA:78,2
DA:79,2
DA:82,2
DA:83,2
DA:85,2
DA:86,2
DA:87,4
DA:88,4
DA:97,2
DA:109,2
DA:111,2
DA:112,2
DA:113,2
DA:114,2
DA:115,2
DA:116,4
DA:121,0
DA:122,0
DA:123,0
DA:126,0
DA:127,0
DA:138,2
DA:151,2
DA:153,2
DA:154,2
DA:156,2
DA:171,2
DA:172,2
DA:173,2
DA:182,2
DA:183,2
DA:184,2
DA:202,2
DA:204,2
DA:206,2
DA:207,2
DA:208,6
DA:211,0
DA:215,0
DA:216,0
DA:219,0
DA:220,0
DA:222,0
DA:223,0
DA:224,0
DA:225,0
DA:226,0
DA:228,0
DA:230,0
DA:231,0
DA:236,0
DA:237,0
DA:238,0
DA:239,0
DA:240,0
DA:241,0
DA:244,0
DA:246,0
DA:247,0
DA:248,0
DA:249,0
LF:80
LH:51
end_of_record
SF:lib/pages/list_transactions_page.dart
DA:12,11
DA:13,1
DA:14,1
DA:18,1
DA:20,1
DA:21,2
DA:22,1
DA:28,1
DA:30,2
DA:32,1
DA:33,1
DA:34,1
DA:35,1
DA:36,1
DA:50,1
DA:51,1
DA:52,1
DA:64,1
DA:69,0
DA:70,0
DA:72,0
DA:73,0
DA:77,1
DA:80,1
DA:81,1
DA:83,1
DA:84,1
DA:88,0
DA:89,0
DA:91,0
DA:92,0
DA:93,0
DA:94,0
DA:95,0
DA:96,0
DA:98,0
DA:99,0
DA:105,0
DA:108,0
DA:109,0
DA:110,0
DA:126,1
DA:142,1
DA:143,1
DA:144,1
DA:152,1
DA:156,1
DA:161,1
DA:162,1
DA:166,1
DA:168,1
DA:169,1
DA:170,1
DA:171,4
DA:172,3
DA:175,0
DA:179,0
DA:180,0
DA:182,0
DA:183,0
DA:184,0
DA:185,0
DA:187,0
DA:189,0
DA:213,0
DA:215,0
DA:217,0
DA:241,0
DA:242,0
DA:243,0
DA:245,0
DA:246,0
DA:247,0
DA:249,0
DA:250,0
DA:253,0
DA:255,0
DA:262,0
DA:263,0
DA:264,0
DA:265,0
DA:266,0
DA:267,0
DA:269,0
DA:270,0
DA:274,0
DA:275,0
DA:276,0
DA:277,0
DA:278,0
DA:279,0
DA:282,0
DA:284,0
DA:285,0
DA:286,0
DA:287,0
LF:96
LH:37
end_of_record
SF:lib/components/pie_chart_widget.dart
DA:35,2
DA:36,2
DA:38,2
DA:39,2
DA:47,2
DA:51,2
DA:52,4
DA:55,2
DA:57,2
DA:58,2
DA:59,2
DA:61,2
DA:62,2
DA:63,2
DA:64,12
DA:69,2
DA:70,2
DA:71,6
DA:72,2
DA:83,2
DA:85,2
DA:86,2
DA:87,2
DA:89,2
DA:90,2
DA:92,0
DA:93,0
DA:98,0
DA:99,0
DA:103,4
DA:105,2
DA:106,0
DA:107,0
DA:108,0
DA:109,0
DA:112,0
DA:115,2
DA:116,0
DA:117,0
DA:118,0
DA:119,0
DA:120,0
DA:122,2
DA:125,2
DA:126,0
DA:127,0
DA:129,2
DA:131,0
DA:132,0
DA:133,0
DA:135,0
DA:136,0
DA:139,0
DA:142,0
DA:144,2
DA:145,2
DA:151,2
DA:152,4
DA:159,1
DA:160,1
DA:162,0
DA:163,0
DA:168,0
DA:169,0
DA:170,0
DA:171,0
DA:172,0
DA:173,0
DA:174,0
DA:175,0
DA:179,2
DA:181,1
DA:182,0
DA:183,0
DA:184,0
DA:185,0
DA:186,0
DA:187,0
DA:188,0
DA:189,0
DA:190,0
DA:191,0
DA:195,0
DA:198,1
DA:199,0
DA:200,0
DA:201,0
DA:202,0
DA:203,0
DA:207,1
DA:208,0
DA:209,0
DA:211,1
DA:213,0
DA:214,0
DA:215,0
DA:217,0
DA:218,0
DA:221,0
DA:224,0
DA:226,1
DA:227,1
DA:233,1
DA:234,2
DA:241,1
DA:242,1
DA:244,0
DA:245,0
DA:250,0
DA:251,0
DA:252,0
DA:253,0
DA:254,0
DA:255,0
DA:256,0
DA:257,0
DA:261,2
DA:263,1
DA:264,0
DA:265,0
DA:266,0
DA:267,0
DA:268,0
DA:269,0
DA:270,0
DA:271,0
DA:272,0
DA:273,0
DA:277,0
DA:280,1
DA:281,0
DA:282,0
DA:283,0
DA:284,0
DA:285,0
DA:289,1
DA:290,0
DA:291,0
DA:293,1
DA:295,0
DA:296,0
DA:297,0
DA:299,0
DA:300,0
DA:303,0
DA:306,0
DA:308,1
DA:309,1
DA:315,1
DA:316,2
DA:323,1
DA:324,1
DA:326,0
DA:327,0
DA:332,0
DA:333,0
DA:334,0
DA:335,0
DA:336,0
DA:337,0
DA:338,0
DA:339,0
DA:343,2
DA:345,1
DA:346,0
DA:347,0
DA:348,0
DA:349,0
DA:350,0
DA:351,0
DA:352,0
DA:353,0
DA:354,0
DA:355,0
DA:359,0
DA:363,1
DA:364,0
DA:365,0
DA:366,0
DA:367,0
DA:368,0
DA:372,1
DA:373,0
DA:374,0
DA:376,1
DA:378,0
DA:379,0
DA:380,0
DA:382,0
DA:383,0
DA:386,0
DA:389,0
DA:391,1
DA:392,1
DA:398,1
DA:399,2
DA:406,1
DA:407,1
DA:409,0
DA:410,0
DA:415,0
DA:416,0
DA:417,0
DA:418,0
DA:419,0
DA:420,0
DA:421,0
DA:422,0
DA:426,2
DA:428,1
DA:429,0
DA:430,0
DA:431,0
DA:432,0
DA:433,0
DA:434,0
DA:435,0
DA:436,0
DA:437,0
DA:438,0
DA:442,0
DA:445,1
DA:446,0
DA:447,0
DA:448,0
DA:449,0
DA:450,0
DA:454,1
DA:455,0
DA:456,0
DA:458,1
DA:460,0
DA:461,0
DA:462,0
DA:464,0
DA:465,0
DA:468,0
DA:471,0
DA:473,1
DA:474,1
DA:480,1
DA:481,2
LF:242
LH:79
end_of_record
SF:lib/components/pie_chart_widget2.dart
DA:35,2
DA:36,2
DA:38,2
DA:39,2
DA:47,2
DA:51,2
DA:52,4
DA:55,2
DA:57,2
DA:58,2
DA:59,2
DA:61,2
DA:62,2
DA:63,2
DA:64,12
DA:69,2
DA:70,2
DA:71,6
DA:72,2
DA:83,2
DA:85,2
DA:86,2
DA:87,2
DA:89,2
DA:90,3
DA:92,1
DA:93,0
DA:94,0
DA:99,3
DA:102,4
DA:104,3
DA:105,2
DA:106,3
DA:107,2
DA:108,0
DA:111,1
DA:114,3
DA:115,1
DA:116,0
DA:117,0
DA:118,0
DA:119,0
DA:121,1
DA:123,2
DA:126,2
DA:127,0
DA:128,0
DA:130,2
DA:132,0
DA:133,0
DA:134,0
DA:136,0
DA:137,0
DA:140,0
DA:143,0
DA:145,2
DA:146,2
DA:152,2
DA:153,4
DA:160,1
DA:161,2
DA:163,1
DA:164,0
DA:169,2
DA:170,2
DA:171,2
DA:172,2
DA:173,1
DA:174,2
DA:175,0
DA:176,0
DA:180,2
DA:182,1
DA:183,0
DA:184,0
DA:185,0
DA:186,0
DA:187,0
DA:188,0
DA:189,0
DA:190,0
DA:191,0
DA:192,0
DA:196,0
DA:199,1
DA:200,0
DA:201,0
DA:202,0
DA:203,0
DA:204,0
DA:208,1
DA:209,0
DA:210,0
DA:212,1
DA:214,0
DA:215,0
DA:216,0
DA:218,0
DA:219,0
DA:222,0
DA:225,0
DA:227,1
DA:228,1
DA:234,1
DA:235,2
DA:242,1
DA:243,2
DA:245,1
DA:246,0
DA:251,2
DA:252,2
DA:253,2
DA:254,2
DA:255,1
DA:256,2
DA:257,0
DA:258,0
DA:262,2
DA:264,1
DA:265,0
DA:266,0
DA:267,0
DA:268,0
DA:269,0
DA:270,0
DA:271,0
DA:272,0
DA:273,0
DA:274,0
DA:278,0
DA:281,1
DA:282,0
DA:283,0
DA:284,0
DA:285,0
DA:286,0
DA:290,1
DA:291,0
DA:292,0
DA:294,1
DA:296,0
DA:297,0
DA:298,0
DA:300,0
DA:301,0
DA:304,0
DA:307,0
DA:309,1
DA:310,1
DA:316,1
DA:317,2
DA:324,1
DA:325,2
DA:327,1
DA:328,0
DA:333,2
DA:334,2
DA:335,2
DA:336,2
DA:337,1
DA:338,2
DA:339,0
DA:340,0
DA:344,2
DA:346,1
DA:347,0
DA:348,0
DA:349,0
DA:350,0
DA:351,0
DA:352,0
DA:353,0
DA:354,0
DA:355,0
DA:356,0
DA:360,0
DA:363,1
DA:364,0
DA:365,0
DA:366,0
DA:367,0
DA:368,0
DA:372,1
DA:373,0
DA:374,0
DA:376,1
DA:378,0
DA:379,0
DA:380,0
DA:382,0
DA:383,0
DA:386,0
DA:389,0
DA:391,1
DA:392,1
DA:398,1
DA:399,2
DA:406,1
DA:407,2
DA:409,1
DA:410,0
DA:415,2
DA:416,2
DA:417,2
DA:418,2
DA:419,1
DA:420,2
DA:421,0
DA:422,0
DA:426,2
DA:428,1
DA:429,0
DA:430,0
DA:431,0
DA:432,0
DA:433,0
DA:434,0
DA:435,0
DA:436,0
DA:437,0
DA:438,0
DA:442,0
DA:445,1
DA:446,0
DA:447,0
DA:448,0
DA:449,0
DA:450,0
DA:454,1
DA:455,0
DA:456,0
DA:458,1
DA:460,0
DA:461,0
DA:462,0
DA:464,0
DA:465,0
DA:468,0
DA:471,0
DA:473,1
DA:474,1
DA:480,1
DA:481,2
LF:243
LH:115
end_of_record
SF:lib/Repository/metas_repository.dart
DA:14,0
DA:15,0
DA:17,0
DA:18,0
DA:19,0
DA:20,0
DA:21,0
DA:22,0
DA:23,0
DA:25,0
DA:26,0
DA:27,0
DA:30,0
DA:31,0
DA:32,0
DA:34,0
DA:35,0
DA:37,0
DA:38,0
DA:40,0
DA:41,0
DA:42,0
DA:43,0
DA:44,0
DA:45,0
DA:46,0
DA:47,0
DA:48,0
DA:53,0
DA:54,0
DA:58,0
DA:59,0
DA:60,0
DA:63,0
DA:64,0
DA:65,0
DA:68,0
DA:71,0
DA:73,0
DA:76,1
DA:77,2
DA:78,0
DA:80,0
DA:81,0
DA:83,0
DA:84,0
DA:86,0
DA:87,0
DA:88,0
DA:89,0
DA:90,0
DA:91,0
DA:92,0
DA:93,0
DA:94,0
DA:99,0
DA:101,0
DA:102,0
DA:103,0
DA:105,0
DA:109,0
DA:122,0
DA:123,0
DA:125,0
DA:126,0
DA:127,0
DA:128,0
DA:129,0
DA:130,0
DA:131,0
DA:132,0
DA:133,0
DA:134,0
DA:137,0
DA:139,0
DA:142,0
DA:143,0
DA:144,0
DA:146,0
DA:147,0
DA:148,0
DA:149,0
DA:150,0
DA:151,0
DA:152,0
DA:156,0
DA:158,0
DA:162,0
DA:163,0
DA:166,0
DA:167,0
DA:168,0
DA:170,0
DA:173,0
DA:176,0
DA:177,0
DA:178,0
DA:179,0
DA:182,0
DA:183,0
DA:185,0
DA:187,0
DA:188,0
DA:189,0
DA:190,0
DA:191,0
DA:192,0
DA:194,0
DA:198,0
DA:201,0
DA:203,0
DA:204,0
DA:205,0
DA:209,0
DA:210,0
DA:213,0
DA:214,0
DA:217,0
DA:218,0
DA:219,0
DA:220,0
DA:222,0
DA:223,0
DA:224,0
DA:226,0
DA:229,0
DA:230,0
DA:231,0
DA:232,0
DA:233,0
DA:234,0
DA:240,0
DA:241,0
DA:247,0
DA:248,0
DA:249,0
DA:250,0
DA:253,0
DA:254,0
DA:255,0
DA:257,0
DA:260,0
DA:261,0
DA:262,0
DA:263,0
DA:264,0
DA:265,0
DA:266,0
DA:273,0
DA:274,0
DA:275,0
DA:276,0
DA:278,0
DA:279,0
DA:280,0
DA:283,0
DA:287,0
DA:288,0
DA:290,0
DA:295,0
DA:296,0
DA:297,0
DA:298,0
DA:299,0
DA:300,0
DA:301,0
DA:302,0
DA:305,0
DA:306,0
DA:307,0
DA:308,0
DA:309,0
DA:310,0
DA:312,0
LF:174
LH:2
end_of_record
SF:lib/models/metas.dart
DA:9,1
DA:18,1
DA:21,7
LF:3
LH:3
end_of_record
SF:lib/components/bar_chart_widget.dart
DA:12,2
DA:14,1
DA:18,2
DA:19,2
DA:23,2
DA:25,2
DA:28,2
DA:29,2
DA:30,10
DA:31,2
DA:34,2
DA:35,2
DA:36,8
DA:37,4
DA:38,4
DA:39,4
DA:46,2
DA:48,2
DA:50,2
DA:51,2
DA:53,2
DA:54,2
DA:55,4
DA:56,6
DA:57,4
DA:60,4
DA:61,2
DA:62,0
DA:63,0
DA:64,0
DA:65,0
DA:69,2
DA:71,2
DA:73,4
DA:74,4
DA:75,2
DA:79,6
DA:80,10
DA:81,2
DA:83,1
DA:85,1
DA:86,1
DA:88,1
DA:90,1
DA:91,1
DA:92,1
DA:94,1
DA:96,1
DA:97,1
DA:98,1
DA:100,1
DA:102,1
DA:103,1
DA:104,1
DA:106,1
DA:108,1
DA:109,1
DA:110,1
DA:112,1
DA:113,1
DA:114,1
DA:119,1
DA:120,1
DA:121,1
DA:122,1
DA:124,2
DA:125,1
DA:126,1
DA:129,1
DA:131,1
DA:133,0
DA:134,0
DA:135,0
DA:136,0
DA:137,0
DA:138,0
DA:140,0
DA:141,0
DA:142,0
DA:143,0
DA:144,0
DA:145,0
DA:149,0
DA:150,0
DA:151,0
DA:152,0
DA:153,0
DA:157,0
DA:161,2
DA:162,1
DA:163,1
DA:164,4
DA:165,4
DA:169,1
DA:171,1
DA:173,2
DA:174,2
DA:175,1
DA:178,3
DA:179,5
DA:180,1
DA:182,1
DA:184,1
DA:185,1
DA:187,1
DA:189,1
DA:190,1
DA:191,1
DA:193,1
DA:195,1
DA:196,1
DA:197,1
DA:199,1
DA:201,1
DA:202,1
DA:203,1
DA:205,1
DA:207,1
DA:208,1
DA:209,1
DA:211,1
DA:212,1
DA:213,1
DA:218,1
DA:219,1
DA:220,1
DA:221,1
DA:223,2
DA:224,1
DA:225,1
DA:228,1
DA:230,1
DA:232,0
DA:233,0
DA:234,0
DA:235,0
DA:236,0
DA:237,0
DA:239,0
DA:240,0
DA:241,0
DA:242,0
DA:243,0
DA:244,0
DA:248,0
DA:249,0
DA:250,0
DA:251,0
DA:252,0
DA:256,0
DA:260,2
DA:261,1
DA:262,1
DA:263,4
DA:264,4
DA:268,1
DA:270,1
DA:272,2
DA:273,2
DA:274,1
DA:277,3
DA:278,5
DA:279,1
DA:281,1
DA:283,1
DA:284,1
DA:286,1
DA:288,1
DA:289,1
DA:290,1
DA:292,1
DA:294,1
DA:295,1
DA:296,1
DA:298,1
DA:300,1
DA:301,1
DA:302,1
DA:304,1
DA:306,1
DA:307,1
DA:308,1
DA:310,1
DA:311,1
DA:312,1
DA:317,1
DA:318,1
DA:319,1
DA:320,1
DA:322,2
DA:323,1
DA:324,1
DA:327,1
DA:329,1
DA:331,0
DA:332,0
DA:333,0
DA:334,0
DA:335,0
DA:336,0
DA:338,0
DA:339,0
DA:340,0
DA:341,0
DA:342,0
DA:343,0
DA:347,0
DA:348,0
DA:349,0
DA:350,0
DA:351,0
DA:355,0
DA:359,2
DA:360,1
DA:361,1
DA:362,4
DA:363,0
DA:367,1
DA:369,1
DA:371,2
DA:372,2
DA:373,1
DA:376,3
DA:377,5
DA:378,1
DA:380,1
DA:386,1
DA:391,2
DA:392,2
DA:393,2
DA:394,2
DA:397,2
DA:398,2
DA:399,4
DA:400,6
DA:401,4
DA:403,2
DA:404,1
DA:407,1
DA:410,1
DA:413,1
DA:418,1
DA:420,2
DA:421,1
DA:422,1
DA:424,2
DA:425,1
DA:426,1
DA:428,2
DA:429,1
DA:430,1
DA:432,2
DA:433,1
DA:434,1
DA:435,2
DA:437,1
DA:440,4
DA:443,2
DA:445,2
DA:446,2
DA:447,6
DA:449,2
DA:450,6
DA:452,2
DA:453,6
DA:455,2
DA:456,6
DA:458,2
DA:459,6
DA:463,2
DA:472,2
LF:271
LH:212
end_of_record
SF:lib/components/date_picker.dart
DA:6,0
DA:8,0
DA:10,0
DA:17,0
DA:19,0
DA:20,0
DA:23,0
DA:25,0
DA:26,0
DA:28,0
DA:30,0
DA:33,0
DA:38,0
DA:39,0
DA:41,0
DA:42,0
DA:44,0
DA:47,0
DA:49,0
DA:50,0
DA:52,0
DA:53,0
LF:22
LH:0
end_of_record
SF:lib/components/line_chart_widget.dart
DA:13,2
DA:14,1
DA:15,2
DA:16,2
DA:21,2
DA:23,2
DA:25,2
DA:26,2
DA:27,2
DA:29,0
DA:30,0
DA:36,2
DA:37,2
DA:43,2
DA:45,2
DA:47,2
DA:48,12
DA:50,2
DA:56,2
DA:57,2
DA:58,2
DA:61,2
DA:62,2
DA:63,22
DA:69,2
DA:71,2
DA:85,2
DA:88,2
DA:89,2
DA:91,2
DA:93,2
DA:94,2
DA:95,4
DA:96,2
DA:97,0
DA:98,0
DA:99,0
DA:100,0
DA:101,0
DA:102,0
DA:103,0
DA:106,2
DA:108,2
DA:109,6
DA:110,2
DA:112,1
DA:114,1
DA:115,1
DA:117,1
DA:119,1
DA:120,1
DA:121,1
DA:123,1
DA:125,1
DA:126,1
DA:127,1
DA:129,1
DA:131,1
DA:132,1
DA:133,1
DA:135,1
DA:137,1
DA:138,1
DA:139,1
DA:141,1
DA:142,1
DA:143,1
DA:149,1
DA:150,1
DA:151,1
DA:152,1
DA:154,2
DA:155,1
DA:156,1
DA:160,1
DA:163,1
DA:165,0
DA:166,0
DA:167,0
DA:168,0
DA:169,0
DA:170,0
DA:171,0
DA:172,0
DA:173,0
DA:174,0
DA:175,0
DA:179,0
DA:180,0
DA:181,0
DA:185,0
DA:190,2
DA:191,1
DA:192,1
DA:193,4
DA:194,4
DA:198,1
DA:203,1
DA:204,3
DA:205,1
DA:208,1
DA:210,1
DA:211,1
DA:213,1
DA:215,1
DA:216,1
DA:217,1
DA:219,1
DA:221,1
DA:222,1
DA:223,1
DA:225,1
DA:227,1
DA:228,1
DA:229,1
DA:231,1
DA:233,1
DA:234,1
DA:235,1
DA:237,1
DA:238,1
DA:239,1
DA:245,1
DA:246,1
DA:247,1
DA:248,1
DA:250,2
DA:251,1
DA:252,1
DA:256,1
DA:259,1
DA:261,0
DA:262,0
DA:263,0
DA:264,0
DA:265,0
DA:266,0
DA:267,0
DA:268,0
DA:269,0
DA:270,0
DA:271,0
DA:275,0
DA:276,0
DA:277,0
DA:281,0
DA:285,2
DA:286,1
DA:287,1
DA:288,4
DA:289,4
DA:293,1
DA:297,1
DA:298,3
DA:299,1
DA:303,1
DA:305,1
DA:306,1
DA:308,1
DA:310,1
DA:311,1
DA:312,1
DA:314,1
DA:316,1
DA:317,1
DA:318,1
DA:320,1
DA:322,1
DA:323,1
DA:324,1
DA:326,1
DA:328,1
DA:329,1
DA:330,1
DA:332,1
DA:333,1
DA:334,1
DA:340,1
DA:341,1
DA:342,1
DA:343,1
DA:345,2
DA:346,1
DA:347,1
DA:350,1
DA:353,1
DA:355,0
DA:356,0
DA:357,0
DA:358,0
DA:359,0
DA:360,0
DA:361,0
DA:362,0
DA:363,0
DA:364,0
DA:365,0
DA:369,0
DA:370,0
DA:371,0
DA:375,0
DA:379,2
DA:380,1
DA:381,1
DA:382,4
DA:383,0
DA:387,1
DA:391,1
DA:392,3
DA:393,1
DA:395,1
DA:397,1
DA:398,1
DA:400,1
DA:402,1
DA:403,1
DA:404,1
DA:406,1
DA:408,1
DA:409,1
DA:410,1
DA:412,1
DA:414,1
DA:415,1
DA:416,1
DA:418,1
DA:420,1
DA:421,1
DA:422,1
DA:424,1
DA:426,1
DA:427,1
DA:428,1
DA:430,1
DA:432,1
DA:433,1
DA:434,1
DA:436,1
DA:438,1
DA:439,1
DA:440,1
DA:442,1
DA:444,1
DA:445,1
DA:446,1
DA:448,1
DA:450,1
DA:451,1
DA:452,1
DA:454,1
DA:455,1
DA:456,1
DA:462,1
DA:463,1
DA:464,1
DA:465,1
DA:468,2
DA:469,1
DA:470,1
DA:474,1
DA:477,1
DA:479,0
DA:480,0
DA:481,0
DA:482,0
DA:483,0
DA:484,0
DA:485,0
DA:486,0
DA:487,0
DA:488,0
DA:489,0
DA:493,0
DA:494,0
DA:495,0
DA:499,0
DA:503,2
DA:504,1
DA:505,1
DA:506,4
DA:507,4
DA:511,1
DA:515,1
DA:516,3
DA:517,1
DA:523,0
DA:525,0
DA:526,0
DA:528,0
DA:529,0
DA:530,0
DA:531,0
DA:532,0
DA:533,0
DA:537,0
DA:540,0
DA:541,0
DA:542,0
DA:545,2
DA:546,2
DA:547,2
DA:548,2
DA:551,2
DA:552,2
DA:553,4
DA:554,6
DA:555,4
DA:557,2
DA:558,1
DA:560,1
DA:562,1
DA:564,1
DA:568,1
DA:569,1
DA:570,2
DA:571,1
DA:572,1
DA:574,2
DA:575,1
DA:576,1
DA:578,2
DA:579,1
DA:580,1
DA:582,2
DA:583,1
DA:584,1
DA:585,2
DA:587,2
DA:588,1
DA:589,1
DA:591,2
DA:592,1
DA:593,1
DA:595,2
DA:596,1
DA:597,1
DA:599,2
DA:600,1
DA:601,1
DA:602,2
DA:603,1
DA:604,1
DA:605,2
DA:606,1
DA:607,1
DA:608,2
DA:609,1
DA:610,1
DA:611,2
DA:612,1
DA:613,1
DA:614,2
DA:615,1
DA:616,1
DA:617,2
DA:620,1
DA:624,4
DA:627,2
DA:629,2
DA:631,2
DA:632,6
DA:634,2
DA:635,6
DA:637,2
DA:638,6
DA:640,2
DA:641,6
DA:643,2
DA:644,6
DA:646,0
DA:647,0
DA:649,0
DA:650,0
DA:652,0
DA:653,0
DA:655,0
DA:656,0
DA:658,0
DA:659,0
DA:663,2
LF:380
LH:287
end_of_record
SF:lib/components/menu_component.dart
DA:14,1
DA:16,0
DA:18,1
DA:20,1
DA:21,1
DA:22,0
DA:25,1
DA:35,1
DA:41,1
DA:46,0
DA:47,0
DA:55,1
DA:56,1
DA:66,1
DA:76,1
DA:86,1
DA:97,1
DA:98,1
DA:99,3
DA:102,1
DA:103,3
DA:106,1
DA:107,3
DA:110,1
DA:111,4
DA:113,1
DA:114,3
DA:122,4
DA:125,2
DA:127,2
DA:128,2
DA:129,2
DA:131,2
DA:132,4
DA:136,12
DA:138,6
DA:145,4
DA:148,2
DA:150,2
DA:151,2
DA:152,2
DA:154,2
DA:155,4
DA:159,12
DA:161,6
LF:45
LH:41
end_of_record
SF:lib/pages/graficos_page.dart
DA:29,4
DA:32,1
DA:33,1
DA:37,1
DA:38,2
DA:39,2
DA:43,1
DA:45,2
DA:46,1
DA:47,1
DA:48,1
DA:50,1
DA:51,0
DA:52,0
DA:53,0
DA:54,0
DA:55,0
DA:56,0
DA:57,0
DA:58,0
DA:59,0
DA:60,0
DA:61,0
DA:65,1
DA:67,1
DA:68,1
DA:71,1
DA:72,1
DA:90,1
DA:92,1
DA:93,1
DA:95,1
DA:96,1
DA:97,1
DA:99,1
DA:100,2
DA:101,1
DA:104,1
DA:106,1
DA:107,1
DA:109,0
DA:111,0
DA:112,0
DA:114,1
DA:115,3
DA:117,1
DA:119,0
DA:120,0
DA:121,0
DA:123,1
DA:124,3
DA:126,1
DA:128,0
DA:129,0
DA:130,0
DA:132,1
DA:133,3
DA:143,1
DA:145,0
DA:146,0
DA:147,0
DA:149,1
DA:150,0
DA:165,1
DA:167,1
DA:168,1
DA:174,1
DA:175,1
DA:178,1
DA:179,2
DA:185,1
DA:186,2
DA:190,1
DA:191,1
DA:192,1
DA:201,1
DA:202,2
DA:207,1
DA:208,1
DA:209,1
DA:218,1
DA:220,2
DA:224,1
DA:225,1
DA:226,1
DA:235,1
DA:236,2
DA:246,0
DA:253,1
DA:258,1
DA:260,1
DA:262,1
DA:263,1
DA:264,1
DA:265,2
DA:267,1
DA:269,2
DA:270,2
LF:98
LH:73
end_of_record
SF:lib/pages/metas_page.dart
DA:13,11
DA:15,1
DA:16,1
DA:22,1
DA:24,2
DA:25,1
DA:26,1
DA:27,1
DA:28,1
DA:41,1
DA:42,1
DA:43,1
DA:44,1
DA:58,1
DA:59,1
DA:61,1
DA:62,1
DA:63,1
DA:65,1
DA:72,0
DA:73,0
DA:80,1
DA:83,1
DA:84,1
DA:86,1
DA:87,1
DA:91,0
DA:92,0
DA:94,0
DA:95,0
DA:96,0
DA:97,0
DA:98,0
DA:99,0
DA:100,0
DA:102,0
DA:103,0
DA:110,0
DA:111,0
DA:112,0
DA:113,0
DA:115,0
DA:131,1
DA:146,1
DA:147,1
DA:155,1
DA:158,1
DA:162,1
DA:163,1
DA:167,0
DA:168,0
DA:171,0
DA:173,0
DA:181,1
DA:183,1
DA:184,1
DA:185,3
DA:186,3
DA:189,0
DA:193,0
DA:195,0
DA:196,0
DA:197,0
DA:200,0
DA:203,0
DA:205,0
DA:208,0
DA:211,0
DA:213,0
DA:214,0
DA:217,0
DA:220,0
DA:221,0
DA:222,0
DA:223,0
DA:226,0
DA:234,0
DA:235,0
DA:236,0
DA:239,0
DA:241,0
DA:248,0
DA:249,0
DA:250,0
DA:253,0
DA:262,0
DA:263,0
DA:265,0
DA:266,0
DA:267,0
DA:273,0
DA:277,0
DA:278,0
DA:279,0
DA:280,0
DA:283,0
DA:284,0
DA:290,0
DA:294,0
DA:295,0
DA:297,0
DA:298,0
DA:299,0
DA:307,0
DA:308,0
DA:311,0
DA:317,0
DA:318,0
DA:332,0
DA:336,0
DA:337,0
DA:339,0
DA:340,0
DA:341,0
DA:353,0
DA:355,0
DA:356,0
DA:360,0
DA:362,0
DA:367,0
DA:368,0
DA:369,0
DA:370,0
DA:372,0
DA:373,0
DA:374,0
DA:380,0
DA:382,0
DA:383,0
DA:385,0
DA:386,0
LF:131
LH:36
end_of_record
SF:lib/pages/login_page.dart
DA:5,1
DA:7,1
DA:8,1
DA:12,1
DA:14,2
DA:15,1
DA:16,1
DA:17,1
DA:18,1
DA:23,1
DA:24,1
DA:27,1
DA:28,1
DA:31,1
DA:32,1
DA:33,2
DA:35,1
DA:36,1
DA:44,1
DA:46,1
LF:20
LH:20
end_of_record
SF:lib/components/auth_form.dart
DA:10,4
DA:12,2
DA:13,2
DA:27,6
DA:28,6
DA:30,0
DA:31,0
DA:32,0
DA:33,0
DA:35,0
DA:40,0
DA:41,0
DA:42,0
DA:43,0
DA:45,0
DA:46,0
DA:47,0
DA:48,0
DA:56,0
DA:57,0
DA:63,0
DA:64,0
DA:67,0
DA:68,0
DA:71,0
DA:73,0
DA:74,0
DA:75,0
DA:76,0
DA:80,0
DA:81,0
DA:82,0
DA:83,0
DA:86,0
DA:87,0
DA:89,0
DA:92,0
DA:93,0
DA:97,2
DA:99,4
DA:101,2
DA:103,2
DA:105,2
DA:107,2
DA:108,4
DA:109,2
DA:110,2
DA:111,2
DA:112,2
DA:113,2
DA:114,0
DA:116,0
DA:118,0
DA:119,0
DA:126,0
DA:127,0
DA:129,0
DA:136,2
DA:138,2
DA:140,4
DA:141,0
DA:148,0
DA:149,0
DA:151,0
DA:158,2
DA:160,2
DA:162,0
DA:170,2
DA:171,0
DA:172,0
DA:173,0
DA:175,0
DA:182,2
DA:183,0
DA:185,0
DA:193,0
DA:195,0
DA:197,0
DA:204,2
DA:205,2
DA:206,0
DA:208,2
DA:209,2
DA:214,2
DA:215,2
DA:216,2
DA:221,2
DA:222,4
DA:226,2
DA:228,2
DA:229,2
DA:230,2
DA:231,2
DA:232,2
DA:237,2
DA:238,2
LF:96
LH:41
end_of_record
SF:lib/pages/registrar_transacao_page.dart
DA:13,1
DA:15,1
DA:16,1
DA:47,0
DA:48,0
DA:49,0
DA:50,0
DA:51,0
DA:53,0
DA:54,0
DA:55,0
DA:58,0
DA:59,0
DA:60,0
DA:61,0
DA:63,0
DA:66,1
DA:68,2
DA:69,1
DA:72,0
DA:73,0
DA:74,0
DA:75,0
DA:77,0
DA:78,0
DA:79,0
DA:80,0
DA:88,0
DA:89,0
DA:95,0
DA:97,0
DA:98,0
DA:101,0
DA:104,0
DA:105,0
DA:106,0
DA:107,0
DA:108,0
DA:109,0
DA:111,0
DA:112,0
DA:113,0
DA:137,0
DA:138,0
DA:139,0
DA:140,0
DA:141,0
DA:142,0
DA:143,0
DA:144,0
DA:145,0
DA:151,1
DA:172,2
DA:173,3
DA:175,0
DA:177,0
DA:178,0
DA:180,0
DA:181,0
DA:182,0
DA:183,0
DA:184,0
DA:185,0
DA:186,0
DA:187,0
DA:191,1
DA:193,2
DA:197,2
DA:199,0
DA:201,0
DA:203,4
DA:204,2
DA:206,1
DA:207,1
DA:211,1
DA:213,1
DA:214,1
DA:215,1
DA:216,1
DA:217,1
DA:219,1
DA:222,1
DA:223,1
DA:235,1
DA:239,0
DA:240,0
DA:241,0
DA:243,0
DA:250,1
DA:251,0
DA:252,0
DA:255,1
DA:257,1
DA:258,1
DA:282,1
DA:285,1
DA:286,3
DA:288,0
DA:289,0
DA:290,1
DA:292,1
DA:295,1
DA:299,0
DA:300,0
DA:301,0
DA:304,0
DA:308,0
DA:316,1
DA:319,1
DA:320,1
DA:324,1
DA:326,1
DA:329,1
DA:334,0
DA:335,0
DA:337,0
DA:338,0
DA:340,0
DA:342,0
DA:344,0
DA:345,0
DA:351,1
DA:354,1
DA:356,0
DA:357,0
DA:359,3
DA:360,1
DA:362,1
DA:365,1
DA:373,0
DA:374,0
DA:375,0
DA:377,0
DA:379,0
DA:387,1
DA:390,1
DA:391,1
DA:395,1
DA:398,1
DA:401,1
DA:402,1
DA:404,1
DA:412,0
DA:414,0
DA:415,0
DA:417,1
DA:418,1
DA:419,1
DA:421,1
DA:424,1
DA:429,1
DA:431,1
DA:432,3
DA:438,1
DA:440,1
DA:442,1
DA:444,1
DA:445,1
DA:449,0
DA:450,0
DA:455,1
DA:457,2
DA:459,1
DA:461,1
DA:463,1
DA:464,1
DA:473,0
DA:474,0
DA:475,0
LF:169
LH:75
end_of_record
SF:lib/components/edit_auth_form.dart
DA:8,1
DA:10,1
DA:11,1
DA:22,0
DA:23,0
DA:24,0
DA:25,0
DA:27,0
DA:28,0
DA:29,0
DA:30,0
DA:38,0
DA:39,0
DA:45,0
DA:46,0
DA:47,0
DA:48,0
DA:50,0
DA:54,0
DA:55,0
DA:57,0
DA:58,0
DA:60,0
DA:61,0
DA:63,0
DA:64,0
DA:65,0
DA:69,1
DA:71,2
DA:73,1
DA:75,1
DA:76,2
DA:77,2
DA:78,1
DA:79,1
DA:80,1
DA:81,1
DA:82,1
DA:84,1
DA:86,3
DA:87,2
DA:88,0
DA:89,0
DA:96,0
DA:97,0
DA:99,0
DA:107,1
DA:108,0
DA:110,1
DA:111,1
DA:116,1
DA:117,1
DA:118,1
LF:53
LH:23
end_of_record
