SF:lib\models\account.dart
DA:6,1
DA:12,1
DA:14,3
LF:3
LH:3
end_of_record
SF:lib\models\categoria_model.dart
DA:6,2
DA:12,1
DA:14,3
LF:3
LH:3
end_of_record
SF:lib\models\metas.dart
DA:9,1
DA:18,1
DA:21,7
LF:3
LH:3
end_of_record
SF:lib\models\transactions.dart
DA:8,1
DA:14,1
DA:15,3
DA:29,1
DA:40,1
DA:43,7
DA:44,1
LF:7
LH:7
end_of_record
SF:lib\models\auth.dart
DA:19,0
DA:20,0
DA:21,0
DA:24,0
DA:25,0
DA:28,0
DA:29,0
DA:32,0
DA:33,0
DA:36,0
DA:37,0
DA:46,1
DA:48,1
DA:49,1
DA:50,1
DA:51,1
DA:54,1
DA:55,1
DA:62,2
DA:66,2
DA:67,0
DA:69,2
DA:70,1
DA:71,2
DA:72,2
DA:74,3
DA:75,1
DA:76,1
DA:80,1
DA:82,1
DA:83,1
DA:84,1
DA:85,1
DA:86,1
DA:87,2
DA:91,1
DA:92,1
DA:98,0
DA:99,0
DA:100,0
DA:101,0
DA:102,0
DA:103,0
DA:104,0
DA:106,0
DA:107,0
DA:108,0
DA:110,0
DA:113,0
DA:114,0
DA:122,0
DA:123,0
DA:124,0
DA:126,0
DA:127,0
DA:135,0
DA:139,0
DA:141,0
DA:142,0
DA:143,0
DA:144,0
DA:148,0
DA:149,0
DA:166,0
DA:167,0
DA:168,0
DA:171,0
DA:174,0
DA:175,0
DA:178,0
DA:180,0
DA:183,0
DA:184,0
DA:187,0
DA:188,0
DA:190,0
DA:192,0
DA:194,0
DA:195,0
DA:197,0
DA:198,0
DA:199,0
DA:200,0
DA:201,0
DA:203,0
DA:204,0
DA:207,0
DA:208,0
DA:209,0
DA:210,0
DA:211,0
DA:212,0
DA:213,0
DA:214,0
DA:215,0
DA:219,1
DA:220,1
DA:221,1
DA:224,1
DA:225,1
DA:226,4
DA:227,2
DA:228,1
DA:229,1
LF:104
LH:34
end_of_record
SF:lib\exceptions\auth_exception.dart
DA:15,0
DA:17,0
DA:19,0
LF:3
LH:0
end_of_record
SF:lib\models\store.dart
DA:5,1
DA:6,1
DA:7,1
DA:10,1
DA:11,2
DA:14,0
DA:16,0
DA:17,0
DA:20,0
DA:22,0
DA:24,0
DA:28,0
DA:29,0
DA:30,0
LF:14
LH:5
end_of_record
